<?xml version="1.0" encoding="ISO-8859-1"?>
<!--
 ~ Copyright (c) 2021, WSO2 Inc. (http://www.wso2.com). All Rights Reserved.
 ~
 ~ This software is the property of WSO2 Inc. and its suppliers, if any.
 ~ Dissemination of any information or reproduction of any material contained
 ~ herein is strictly forbidden, unless permitted by WSO2 in accordance with
 ~ the WSO2 Software License available at https://wso2.com/licenses/eula/3.1.
 ~ For specific language governing the permissions and limitations under this
 ~ license, please see the license as well as any agreement you?ve entered into
 ~ with WSO2 governing the purchase of this software and any associated services.
-->

<Configurations>
    <SolutionVersion>3.0.0</SolutionVersion>
    <!--OBSpec accepts values AU-->
    <OBSpec>AU</OBSpec>
    <ApiVersion>1.3.0</ApiVersion>
    <!-- Provisioning Info -->
    <Provisioning>
        <Enabled>Provisioning.Enabled</Enabled>
        <ProvisionFilePath>Provisioning.ProvisionFilePath</ProvisionFilePath>
    </Provisioning>
    <!-- Server Info -->
    <Server>
        <BaseURL>https://localhost:8243</BaseURL>
        <GatewayURL>https://localhost:9443</GatewayURL>
        <AuthorisationServerURL>https://localhost:9446</AuthorisationServerURL>

        <!--Micro Gateway Specific Server Urls.
        In MG the ports should be the corresponding port of the docker image.-->
        <MicroGateway>
            <MicroGatewayEnabled>false</MicroGatewayEnabled>

            <!--Configure the Urls only for Micro Gateway Testing-->
            <AU>
                <DcrURL>Server.MicroGateway.AU.DcrURL</DcrURL>
                <CdsAuAccountsURL>Server.MicroGateway.AU.CdsAuAccountsURL</CdsAuAccountsURL>
                <CdsAuBalancesURL>Server.MicroGateway.AU.CdsAuBalancesURL</CdsAuBalancesURL>
                <CdsAuTransactionURL>Server.MicroGateway.AU.CdsAuTransactionURL</CdsAuTransactionURL>
                <CdsAuDirectDebitURL>Server.MicroGateway.AU.CdsAuDirectDebitURL</CdsAuDirectDebitURL>
                <CdsAuSchedulePaymentURL>Server.MicroGateway.AU.CdsAuSchedulePaymentURL</CdsAuSchedulePaymentURL>
                <CdsAuPayeeURL>Server.MicroGateway.AU.CdsAuPayeeURL</CdsAuPayeeURL>
                <CdsAuProductURL>Server.MicroGateway.AU.CdsAuProductURL</CdsAuProductURL>
                <CdsCustomerURL>Server.MicroGateway.AU.CdsCustomerURL</CdsCustomerURL>
                <CdsDiscoveryURL>Server.MicroGateway.AU.CdsDiscoveryURL</CdsDiscoveryURL>
                <CdrArrangementURL>Server.MicroGateway.AU.CdrArrangementURL</CdrArrangementURL>
                <CdsAdminURL>Server.MicroGateway.AU.CdsAdminURL</CdsAdminURL>
            </AU>
        </MicroGateway>
    </Server>

    <!-- Application List -->
    <ApplicationConfigList>
        <!-- Application 1 Details -->
        <AppConfig>
            <!-- Application Keystore -->
            <Application.KeyStore>
                <!--Absolute path + file name of JKS keystore file-->
                <Location>/home/wso2/Desktop/Setup/IntegrationTestSuite/DCR/signing.jks</Location>
                <Alias>1</Alias>
                <Password>wso2carbon</Password>
                <DomainName>https://wso2.com</DomainName>
                <SigningKid>w7NFeMODzCMOZen_WECAlG9N8gg</SigningKid>
            </Application.KeyStore>

            <!-- Transport Keystore and Truststore -->
            <!--This Keystore and the Truststore will be used during the SSL handshake-->
            <Transport>
                <MTLSEnabled>true</MTLSEnabled>
                <!--A keystore and a truststore needs to be configured in the following section if MTLSEnabled is set to
                true-->
                <KeyStore>
                    <!--Absolute path + file name of keystore file.
                    (e.g. <location>/home/kasun/Downloads/Certs/keystore.jks</location>)-->
                    <Location>/home/wso2/Desktop/Setup/IntegrationTestSuite/DCR/transport.jks</Location>
                    <Type>jks</Type>
                    <Password>wso2carbon</Password>
                </KeyStore>
            </Transport>

            <!-- DCR Configurations -->
            <DCR>
                <SSAPath>/home/wso2/Desktop/Setup/IntegrationTestSuite/DCR/ssa.txt</SSAPath>
                <!-- Self signed SSA for negative tests (UK)-->
                <SelfSignedSSAPath>AppConfig.DCR.SelfSignedSSAPath</SelfSignedSSAPath>
                <!-- SSA SoftwareId (UK)-->
                <SoftwareId>oQ4KoaavpOuoE7rvQsZEOV</SoftwareId>
                <!-- SSA Redirect Uri -->
                <RedirectUri>https://www.google.com/redirects/redirect1</RedirectUri>
                <!-- SSA Alternate Redirect Uri (AU)-->
                <AlternateRedirectUri>https://www.google.com/redirects/redirect2</AlternateRedirectUri>
                <!-- Version of DCR API (UK)
                (e.g. 3.2 for DCR v3.2, 3.3.0 for DCR v3.3.0)
                -->
                <DCRAPIVersion>0.2</DCRAPIVersion>
            </DCR>

            <!-- Application Info -->
            <Application>
                <ClientID>AppConfig.Application.ClientID</ClientID>
                <ClientSecret>AppConfig.Application.ClientSecret</ClientSecret>
                <RedirectURL>AppConfig.Application.RedirectURL</RedirectURL>
            </Application>
        </AppConfig>

        <!-- Application 2 Details -->
        <AppConfig>
            <!-- Application Keystore -->
            <Application.KeyStore>
                <!--Absolute path + file name of JKS keystore file-->
                <Location>AppConfig2.Application.KeyStore.Location</Location>
                <Alias>AppConfig2.Application.KeyStore.Alias</Alias>
                <Password>AppConfig2.Application.KeyStore.Password</Password>
                <DomainName>https://wso2.com</DomainName>
                <SigningKid>AppConfig2.Application.KeyStore.SigningKid</SigningKid>
            </Application.KeyStore>

            <!-- Transport Keystore and Truststore -->
            <!--This Keystore and the Truststore will be used during the SSL handshake-->
            <Transport>
                <MTLSEnabled>AppConfig2.Transport.MTLSEnabled</MTLSEnabled>
                <!--A keystore and a truststore needs to be configured in the following section if MTLSEnabled is set to
                true-->
                <KeyStore>
                    <!--Absolute path + file name of keystore file.
                    (e.g. <location>/home/kasun/Downloads/Certs/keystore.jks</location>)-->
                    <Location>AppConfig2.Transport.KeyStore.Location</Location>
                    <Type>jks</Type>
                    <Password>AppConfig2.Transport.KeyStore.Password</Password>
                </KeyStore>
            </Transport>

            <!-- DCR Configurations -->
            <DCR>
                <SSAPath>AppConfig2.DCR.SSAPath</SSAPath>
                <!-- SSA SoftwareId (UK)-->
                <SoftwareId>AppConfig2.DCR.SoftwareId</SoftwareId>
                <!-- SSA Redirect Uri -->
                <RedirectUri>AppConfig2.DCR.RedirectUri</RedirectUri>
                <!-- SSA Alternate Redirect Uri (AU)-->
                <AlternateRedirectUri>AppConfig2.DCR.AlternateRedirectUri</AlternateRedirectUri>
                <!-- Version of DCR API (UK)
                (e.g. 3.2 for DCR v3.2, 3.3.0 for DCR v3.3.0)
                -->
                <DCRAPIVersion>AppConfig2.DCR.DCRAPIVersion</DCRAPIVersion>
            </DCR>

            <!-- Application Info -->
            <Application>
                <ClientID>AppConfig2.Application.ClientID</ClientID>
                <ClientSecret>AppConfig2.Application.ClientSecret</ClientSecret>
                <RedirectURL>AppConfig2.Application.RedirectURL</RedirectURL>
            </Application>
        </AppConfig>
    </ApplicationConfigList>

    <Transport>
        <Truststore>
            <!--Absolute path + file name of truststore file. We can point the product client-truststore.jks here.
            (e.g. <location>/home/kasun/wso2-obam-1.3.0/repository/resources/security/client-truststore.jks</location>)
            -->
            <Location>/home/wso2/Desktop/Setup/Accelerator/BaseProducts/wso2am-4.0.0/repository/resources/security/client-truststore.jks</Location>
            <Type>jks</Type>
            <Password>wso2carbon</Password>
        </Truststore>
    </Transport>
    <!-- Non Regulatory Application Info -->
    <NonRegulatoryApplication>
        <ClientID>5cjIUiWAGhRkRJSFKJYkLtutjMIa</ClientID>
        <ClientSecret>P7ubpBieJUqff3d3EP3zL384PsQa</ClientSecret>
        <RedirectURL>https://www.google.com</RedirectURL>
    </NonRegulatoryApplication>
    <!-- PSU Info -->
    <PSUInfo>
        <Psu>admin@wso2.com</Psu>
        <PsuPassword>wso2123</PsuPassword>
    </PSUInfo>
    <!-- Publisher Info -->
    <PublisherInfo>
        <Publisher>admin@wso2.com</Publisher>
        <PublisherPassword>wso2123</PublisherPassword>
    </PublisherInfo>
    <!-- PSU Info -->
    <TPPInfo>
        <Tpp>admin@wso2.com</Tpp>
        <TppPassword>wso2123</TppPassword>
    </TPPInfo>
    <!-- Customer Care Info -->
    <CustomerCareInfo>
        <CustomerCareUser>ann@gold.com</CustomerCareUser>
        <CustomerCareUserPassword>wso2123</CustomerCareUserPassword>
    </CustomerCareInfo>
    <!-- Basic Auth Info -->
    <BasicAuthInfo>
        <BasicAuthUser>admin@wso2.com</BasicAuthUser>
        <BasicAuthUserPassword>wso2123</BasicAuthUserPassword>
    </BasicAuthInfo>
    <!-- Browser Automation -->
    <BrowserAutomation>
        <!--Eg: chrome/firefox-->
        <BrowserPreference>chrome/firefox</BrowserPreference>
        <HeadlessEnabled>true</HeadlessEnabled>
        <WebDriverLocation>/home/wso2/ob-compliance-toolkit-cds/open-banking-test-suite/test-artifacts/selenium-libs/geckodriver</WebDriverLocation>
    </BrowserAutomation>
    <!-- Common Configurations -->
    <Common>
        <!--Access token expire time in seconds-->
        <AccessTokenExpireTime>30</AccessTokenExpireTime>
        <TenantDomain>carbon.super</TenantDomain>
        <SigningAlgorithm>PS256</SigningAlgorithm>
        <KeyManager.Admin>
            <Username>admin@wso2.com</Username>
            <Password>wso2123</Password>
        </KeyManager.Admin>
    </Common>
    <RESTApi>
        <DCRAccessToken>RESTApi.DCRAccessToken</DCRAccessToken>
        <ApiId>RESTApi.ApiId</ApiId>
    </RESTApi>
    <ConsentApi>
        <AudienceValue>https://localhost:9446/oauth2/token</AudienceValue>
        <RevocationAudienceValue>https://localhost:9446/oauth2/token</RevocationAudienceValue>
    </ConsentApi>
    <InternalApiContext>
        <Consent-Mgt>/consent</Consent-Mgt> <!-- if 2.0.0 /api/openbanking/consent-mgt -->
        <Multi-Auth>/multi-auth-api/1.0.0</Multi-Auth> <!-- if 2.0.0 /api/openbanking/multi-auth-api/1.0.0 -->
    </InternalApiContext>
    <!-- Id Permanence Encryption/Decryption Key (AU)-->
    <IdPermanence>
        <SecretKey>wso2</SecretKey>
    </IdPermanence>

    <!-- Applies only for AU -->
    <!-- Refer MockCDRRegister/README.md for instructions to proceed with Mock CDR Register Integration -->
    <AUMockCDRRegister>
        <Enabled>false</Enabled>
        <!-- eg: localhost-->
        <HostName>Host running the Mock Register docker image</HostName>
        <MetaDataFileLocation>AUMockCDRRegister.MetaDataFileLocation</MetaDataFileLocation>
        <Transport>
            <KeyStore>
                <Location>Absolute file path to 'client.pfx' file</Location>
                <Type>pkcs12</Type>
                <Password>#M0ckDataRecipient#</Password>
            </KeyStore>
            <Truststore>
                <Location>Absolute file path to 'ca.pfx' file</Location>
                <Type>pkcs12</Type>
                <Password>#M0ckCDRCA#</Password>
            </Truststore>
        </Transport>
        <Application>
            <KeyStore>
                <Location>Absolute file path to 'signingkeystore.jks' file</Location>
                <Alias>adr-sig</Alias>
                <Password>wso2carbon</Password>
            </KeyStore>
        </Application>
    </AUMockCDRRegister>
</Configurations>
